/home/moebius/reactos/output-posix-amd64/boot/empty
loader/efisys.bin=/home/moebius/reactos/output-posix-amd64/boot/efisys.bin
reactos/reactos.inf=/home/moebius/reactos/output-posix-amd64/boot/bootdata/packages/reactos.inf
reactos/txtsetup.sif=/home/moebius/reactos/boot/bootdata/txtsetup.sif
reactos/caroots.inf=/home/moebius/reactos/output-posix-amd64/boot/bootdata/caroots.inf
/autorun.inf=/home/moebius/reactos/boot/bootdata/autorun-bootcd.inf
/icon.ico=/home/moebius/reactos/boot/bootdata/icon.ico
/readme.txt=/home/moebius/reactos/boot/bootdata/readme.txt
/freeldr.ini=/home/moebius/reactos/boot/bootdata/bootcd.ini
reactos/unattend.inf=/home/moebius/reactos/boot/bootdata/bootcd/unattend.inf
loader/dosmbr.bin=/home/moebius/reactos/output-posix-amd64/boot/freeldr/bootsect/dosmbr.bin
loader/ext.bin=/home/moebius/reactos/output-posix-amd64/boot/freeldr/bootsect/ext.bin
loader/extldr.sys=/home/moebius/reactos/output-posix-amd64/boot/freeldr/bootsect/extldr.sys
loader/btrfs.bin=/home/moebius/reactos/output-posix-amd64/boot/freeldr/bootsect/btrfs.bin
loader/fat.bin=/home/moebius/reactos/output-posix-amd64/boot/freeldr/bootsect/fat.bin
loader/fat32.bin=/home/moebius/reactos/output-posix-amd64/boot/freeldr/bootsect/fat32.bin
loader/ntfs.bin=/home/moebius/reactos/output-posix-amd64/boot/freeldr/bootsect/ntfs.bin
loader/isoboot.bin=/home/moebius/reactos/output-posix-amd64/boot/freeldr/bootsect/isoboot.bin
loader/isobtrt.bin=/home/moebius/reactos/output-posix-amd64/boot/freeldr/bootsect/isobtrt.bin
loader/freeldr.sys=/home/moebius/reactos/output-posix-amd64/boot/freeldr/freeldr/freeldr.sys
loader/$<TARGET_FILE_NAME:installfreeldr>=$<TARGET_FILE:installfreeldr>
reactos/system32/$<TARGET_FILE_NAME:setuplib>=$<TARGET_FILE:setuplib>
reactos/$<TARGET_FILE_NAME:reactos>=$<TARGET_FILE:reactos>
reactos/system32/smss.exe=$<TARGET_FILE:usetup>
reactos/$<TARGET_FILE_NAME:welcome>=$<TARGET_FILE:welcome>
reactos/system32/$<TARGET_FILE_NAME:ntdll>=$<TARGET_FILE:ntdll>
reactos/system32/$<TARGET_FILE_NAME:bootvid>=$<TARGET_FILE:bootvid>
reactos/system32/drivers/$<TARGET_FILE_NAME:condrv>=$<TARGET_FILE:condrv>
reactos/system32/$<TARGET_FILE_NAME:kdcom>=$<TARGET_FILE:kdcom>
reactos/system32/drivers/$<TARGET_FILE_NAME:nmidebug>=$<TARGET_FILE:nmidebug>
reactos/system32/drivers/$<TARGET_FILE_NAME:acpi>=$<TARGET_FILE:acpi>
reactos/system32/drivers/$<TARGET_FILE_NAME:isapnp>=$<TARGET_FILE:isapnp>
reactos/system32/drivers/$<TARGET_FILE_NAME:pci>=$<TARGET_FILE:pci>
reactos/system32/drivers/$<TARGET_FILE_NAME:pcix>=$<TARGET_FILE:pcix>
reactos/system32/drivers/$<TARGET_FILE_NAME:pcmcia>=$<TARGET_FILE:pcmcia>
reactos/system32/drivers/$<TARGET_FILE_NAME:ksecdd>=$<TARGET_FILE:ksecdd>
reactos/system32/drivers/$<TARGET_FILE_NAME:btrfs>=$<TARGET_FILE:btrfs>
reactos/system32/drivers/$<TARGET_FILE_NAME:cdfs>=$<TARGET_FILE:cdfs>
reactos/system32/drivers/$<TARGET_FILE_NAME:fastfat>=$<TARGET_FILE:fastfat>
reactos/system32/drivers/$<TARGET_FILE_NAME:fltmgr>=$<TARGET_FILE:fltmgr>
reactos/system32/drivers/$<TARGET_FILE_NAME:hidclass>=$<TARGET_FILE:hidclass>
reactos/system32/drivers/$<TARGET_FILE_NAME:hidparse>=$<TARGET_FILE:hidparse>
reactos/system32/drivers/$<TARGET_FILE_NAME:hidusb>=$<TARGET_FILE:hidusb>
reactos/system32/drivers/$<TARGET_FILE_NAME:kbdhid>=$<TARGET_FILE:kbdhid>
reactos/system32/drivers/$<TARGET_FILE_NAME:i8042prt>=$<TARGET_FILE:i8042prt>
reactos/system32/drivers/$<TARGET_FILE_NAME:kbdclass>=$<TARGET_FILE:kbdclass>
reactos/system32/drivers/$<TARGET_FILE_NAME:swenum>=$<TARGET_FILE:swenum>
reactos/system32/drivers/$<TARGET_FILE_NAME:sacdrv>=$<TARGET_FILE:sacdrv>
reactos/system32/drivers/$<TARGET_FILE_NAME:blue>=$<TARGET_FILE:blue>
reactos/system32/drivers/$<TARGET_FILE_NAME:cdrom>=$<TARGET_FILE:cdrom>
reactos/system32/drivers/$<TARGET_FILE_NAME:classpnp>=$<TARGET_FILE:classpnp>
reactos/system32/drivers/$<TARGET_FILE_NAME:disk>=$<TARGET_FILE:disk>
reactos/system32/drivers/$<TARGET_FILE_NAME:ramdisk>=$<TARGET_FILE:ramdisk>
reactos/system32/drivers/$<TARGET_FILE_NAME:floppy>=$<TARGET_FILE:floppy>
reactos/system32/drivers/$<TARGET_FILE_NAME:atapi>=$<TARGET_FILE:atapi>
reactos/system32/drivers/$<TARGET_FILE_NAME:pciide>=$<TARGET_FILE:pciide>
reactos/system32/drivers/$<TARGET_FILE_NAME:pciidex>=$<TARGET_FILE:pciidex>
reactos/system32/drivers/$<TARGET_FILE_NAME:uniata>=$<TARGET_FILE:uniata>
reactos/system32/drivers/$<TARGET_FILE_NAME:mountmgr>=$<TARGET_FILE:mountmgr>
reactos/system32/drivers/$<TARGET_FILE_NAME:partmgr>=$<TARGET_FILE:partmgr>
reactos/system32/drivers/$<TARGET_FILE_NAME:buslogic>=$<TARGET_FILE:buslogic>
reactos/system32/drivers/$<TARGET_FILE_NAME:scsiport>=$<TARGET_FILE:scsiport>
reactos/system32/drivers/$<TARGET_FILE_NAME:storport>=$<TARGET_FILE:storport>
reactos/system32/drivers/$<TARGET_FILE_NAME:usbccgp>=$<TARGET_FILE:usbccgp>
reactos/system32/drivers/$<TARGET_FILE_NAME:usbd>=$<TARGET_FILE:usbd>
reactos/system32/drivers/$<TARGET_FILE_NAME:usbehci>=$<TARGET_FILE:usbehci>
reactos/system32/drivers/$<TARGET_FILE_NAME:usbhub>=$<TARGET_FILE:usbhub>
reactos/system32/drivers/$<TARGET_FILE_NAME:usbohci>=$<TARGET_FILE:usbohci>
reactos/system32/drivers/$<TARGET_FILE_NAME:usbport>=$<TARGET_FILE:usbport>
reactos/system32/drivers/$<TARGET_FILE_NAME:usbstor>=$<TARGET_FILE:usbstor>
reactos/system32/drivers/$<TARGET_FILE_NAME:usbuhci>=$<TARGET_FILE:usbuhci>
reactos/system32/drivers/$<TARGET_FILE_NAME:wmilib>=$<TARGET_FILE:wmilib>
reactos/system32/$<TARGET_FILE_NAME:hal>=$<TARGET_FILE:hal>
reactos/system32/$<TARGET_FILE_NAME:halmp>=$<TARGET_FILE:halmp>
reactos/system32/c_1252.nls=/home/moebius/reactos/output-posix-amd64/media/nls/c_1252.nls
reactos/system32/c_437.nls=/home/moebius/reactos/output-posix-amd64/media/nls/c_437.nls
reactos/system32/l_intl.nls=/home/moebius/reactos/media/nls/l_intl.nls
reactos/vgafonts.cab=/home/moebius/reactos/output-posix-amd64/media/vgafonts/vgafonts.cab
reactos/system32/$<TARGET_FILE_NAME:ntoskrnl>=$<TARGET_FILE:ntoskrnl>
reactos/system32/$<TARGET_FILE_NAME:ntkrnlmp>=$<TARGET_FILE:ntkrnlmp>
reactos/registry.inf=/home/moebius/reactos/output-posix-amd64/boot/bootdata/registry.inf
reactos/SETUPREG.HIV=/home/moebius/reactos/output-posix-amd64/boot/bootdata/SETUPREG.HIV
efi/boot/BCD=/home/moebius/reactos/output-posix-amd64/boot/bootdata/BCD
reactos/reactos.cab=/home/moebius/reactos/output-posix-amd64/reactos.cab